{"level":"info","message":"","timestamp":"2022-06-10T19:32:41.640Z"}
{"level":"error","name":"ElementClickInterceptedError","remoteStacktrace":"#0 0x5599399e7533 <unknown>\n#1 0x5599397461e8 <unknown>\n#2 0x559939783972 <unknown>\n#3 0x5599397814d2 <unknown>\n#4 0x55993977eb64 <unknown>\n#5 0x55993977d902 <unknown>\n#6 0x5599397714a9 <unknown>\n#7 0x559939799f42 <unknown>\n#8 0x559939770d63 <unknown>\n#9 0x55993979a04e <unknown>\n#10 0x5599397ad224 <unknown>\n#11 0x559939799e33 <unknown>\n#12 0x55993976f71a <unknown>\n#13 0x559939770875 <unknown>\n#14 0x559939a2be1d <unknown>\n#15 0x559939a2f751 <unknown>\n#16 0x559939a1607e <unknown>\n#17 0x559939a30388 <unknown>\n#18 0x559939a0afe0 <unknown>\n#19 0x559939a4c748 <unknown>\n#20 0x559939a4c8c8 <unknown>\n#21 0x559939a6670d <unknown>\n#22 0x7fa88ade1590 <unknown>\n","timestamp":"2022-06-10T19:32:49.348Z"}
{"level":"info","message":"","timestamp":"2022-06-10T19:35:00.271Z"}
{"level":"error","timestamp":"2022-06-10T19:35:07.803Z"}
{"level":"info","message":"","timestamp":"2022-06-10T19:37:04.936Z"}
{"level":"error","timestamp":"2022-06-10T19:37:11.662Z"}
{"level":"info","message":"","timestamp":"2022-06-10T19:37:49.012Z"}
{"level":"error","timestamp":"2022-06-10T19:37:57.794Z"}
{"level":"info","message":"","timestamp":"2022-06-10T19:38:31.472Z"}
{"level":"error","timestamp":"2022-06-10T19:38:41.496Z"}
{"level":"info","message":"","timestamp":"2022-06-10T19:39:56.140Z"}
{"level":"error","name":"TimeoutError","remoteStacktrace":"","timestamp":"2022-06-10T19:40:01.236Z"}
{"level":"info","message":"","timestamp":"2022-06-10T19:40:13.276Z"}
{"level":"error","timestamp":"2022-06-10T19:40:23.235Z"}
{"level":"info","message":"","timestamp":"2022-06-10T19:43:44.887Z"}
{"level":"error","timestamp":"2022-06-10T19:43:53.622Z"}
{"level":"info","message":"","timestamp":"2022-06-10T19:44:43.748Z"}
{"level":"error","name":"TimeoutError","remoteStacktrace":"","timestamp":"2022-06-10T19:44:50.007Z"}
{"level":"info","message":"","timestamp":"2022-06-10T19:45:16.256Z"}
{"level":"error","name":"StaleElementReferenceError","remoteStacktrace":"#0 0x5646b6f97533 <unknown>\n#1 0x5646b6cf61e8 <unknown>\n#2 0x5646b6cf90a7 <unknown>\n#3 0x5646b6cf8f4b <unknown>\n#4 0x5646b6cf920c <unknown>\n#5 0x5646b6d2de96 <unknown>\n#6 0x5646b6d213a6 <unknown>\n#7 0x5646b6d49f42 <unknown>\n#8 0x5646b6d20d63 <unknown>\n#9 0x5646b6d4a04e <unknown>\n#10 0x5646b6d5d224 <unknown>\n#11 0x5646b6d49e33 <unknown>\n#12 0x5646b6d1f71a <unknown>\n#13 0x5646b6d20875 <unknown>\n#14 0x5646b6fdbe1d <unknown>\n#15 0x5646b6fdf751 <unknown>\n#16 0x5646b6fc607e <unknown>\n#17 0x5646b6fe0388 <unknown>\n#18 0x5646b6fbafe0 <unknown>\n#19 0x5646b6ffc748 <unknown>\n#20 0x5646b6ffc8c8 <unknown>\n#21 0x5646b701670d <unknown>\n#22 0x7f02a748f590 <unknown>\n","timestamp":"2022-06-10T19:45:17.506Z"}
{"level":"info","message":"","timestamp":"2022-06-10T19:45:33.884Z"}
{"level":"error","timestamp":"2022-06-10T19:45:41.796Z"}
{"level":"info","message":"","timestamp":"2022-06-10T19:46:27.655Z"}
{"level":"error","timestamp":"2022-06-10T19:46:36.735Z"}
{"level":"info","message":"","timestamp":"2022-06-10T19:46:50.772Z"}
{"level":"error","timestamp":"2022-06-10T19:46:58.899Z"}
{"level":"info","message":"","timestamp":"2022-06-10T19:47:21.697Z"}
{"level":"error","timestamp":"2022-06-10T19:47:29.594Z"}
{"level":"info","message":"","timestamp":"2022-06-10T19:48:51.675Z"}
{"level":"error","timestamp":"2022-06-10T19:49:00.158Z"}
{"level":"info","message":"","timestamp":"2022-06-10T20:01:24.073Z"}
{"level":"error","timestamp":"2022-06-10T20:01:32.323Z"}
{"level":"info","message":"","timestamp":"2022-06-10T20:02:53.315Z"}
{"level":"error","timestamp":"2022-06-10T20:03:02.350Z"}
{"level":"info","message":"","timestamp":"2022-06-10T20:04:04.390Z"}
{"level":"error","timestamp":"2022-06-10T20:04:12.571Z"}
{"level":"info","message":"","timestamp":"2022-06-10T20:06:28.023Z"}
{"level":"error","timestamp":"2022-06-10T20:06:36.027Z"}
{"level":"info","message":"","timestamp":"2022-06-10T20:08:21.388Z"}
{"level":"error","timestamp":"2022-06-10T20:08:30.151Z"}
{"level":"info","message":"","timestamp":"2022-06-10T20:09:50.377Z"}
{"level":"error","timestamp":"2022-06-10T20:10:00.360Z"}
{"level":"info","message":"","timestamp":"2022-06-10T20:13:14.752Z"}
{"level":"error","name":"ElementClickInterceptedError","remoteStacktrace":"#0 0x55e14d957533 <unknown>\n#1 0x55e14d6b61e8 <unknown>\n#2 0x55e14d6f3972 <unknown>\n#3 0x55e14d6f14d2 <unknown>\n#4 0x55e14d6eeb64 <unknown>\n#5 0x55e14d6ed902 <unknown>\n#6 0x55e14d6e14a9 <unknown>\n#7 0x55e14d709f42 <unknown>\n#8 0x55e14d6e0d63 <unknown>\n#9 0x55e14d70a04e <unknown>\n#10 0x55e14d71d224 <unknown>\n#11 0x55e14d709e33 <unknown>\n#12 0x55e14d6df71a <unknown>\n#13 0x55e14d6e0875 <unknown>\n#14 0x55e14d99be1d <unknown>\n#15 0x55e14d99f751 <unknown>\n#16 0x55e14d98607e <unknown>\n#17 0x55e14d9a0388 <unknown>\n#18 0x55e14d97afe0 <unknown>\n#19 0x55e14d9bc748 <unknown>\n#20 0x55e14d9bc8c8 <unknown>\n#21 0x55e14d9d670d <unknown>\n#22 0x7fab075ee590 <unknown>\n","timestamp":"2022-06-10T20:13:24.529Z"}
{"level":"info","message":"","timestamp":"2022-06-10T20:14:51.366Z"}
{"level":"error","name":"TimeoutError","remoteStacktrace":"","timestamp":"2022-06-10T20:14:56.531Z"}
{"level":"info","message":"","timestamp":"2022-06-10T20:15:25.393Z"}
{"level":"error","timestamp":"2022-06-10T20:15:33.296Z"}
{"level":"info","message":"","timestamp":"2022-06-10T20:16:01.761Z"}
{"level":"error","timestamp":"2022-06-10T20:16:12.252Z"}
{"level":"info","message":"","timestamp":"2022-06-10T20:17:56.459Z"}
{"level":"error","timestamp":"2022-06-10T20:18:05.114Z"}
{"level":"info","message":"","timestamp":"2022-06-10T20:18:55.245Z"}
{"level":"error","timestamp":"2022-06-10T20:19:03.265Z"}
{"level":"info","message":"","timestamp":"2022-06-10T20:21:16.717Z"}
{"level":"error","timestamp":"2022-06-10T20:21:24.289Z"}
{"level":"info","message":"","timestamp":"2022-06-10T20:22:05.960Z"}
{"level":"error","timestamp":"2022-06-10T20:22:13.339Z"}
{"level":"info","message":"","timestamp":"2022-06-10T20:22:48.181Z"}
{"level":"error","timestamp":"2022-06-10T20:22:58.835Z"}
{"level":"info","message":"","timestamp":"2022-06-10T20:23:38.707Z"}
{"level":"error","timestamp":"2022-06-10T20:23:48.803Z"}
{"level":"info","message":"","timestamp":"2022-06-10T20:25:21.901Z"}
{"level":"error","timestamp":"2022-06-10T20:25:32.382Z"}
{"level":"info","message":"","timestamp":"2022-06-10T20:26:32.549Z"}
{"level":"info","message":"","timestamp":"2022-06-10T20:27:05.036Z"}
{"level":"error","name":"TimeoutError","remoteStacktrace":"","timestamp":"2022-06-10T20:27:22.245Z"}
{"level":"info","message":"","timestamp":"2022-06-10T20:28:59.708Z"}
{"level":"info","message":"","timestamp":"2022-06-10T20:36:35.361Z"}
{"level":"error","name":"TimeoutError","remoteStacktrace":"","timestamp":"2022-06-10T20:36:41.530Z"}
{"level":"info","message":"","timestamp":"2022-06-10T20:37:31.074Z"}
{"level":"info","message":"","timestamp":"2022-06-10T20:49:32.734Z"}
{"level":"error","timestamp":"2022-06-10T20:49:46.037Z"}
{"level":"error","message":"Adding jobs : javascript error: Cannot read properties of null (reading 'toLowerCase')\n  (Session info: chrome=102.0.5005.61)","name":"JavascriptError","remoteStacktrace":"#0 0x55c37108a533 <unknown>\n#1 0x55c370de91e8 <unknown>\n#2 0x55c370dec0a7 <unknown>\n#3 0x55c370debf4b <unknown>\n#4 0x55c370decae2 <unknown>\n#5 0x55c370e50e03 <unknown>\n#6 0x55c370e3cf42 <unknown>\n#7 0x55c370e50224 <unknown>\n#8 0x55c370e3ce33 <unknown>\n#9 0x55c370e1271a <unknown>\n#10 0x55c370e13875 <unknown>\n#11 0x55c3710cee1d <unknown>\n#12 0x55c3710d2751 <unknown>\n#13 0x55c3710b907e <unknown>\n#14 0x55c3710d3388 <unknown>\n#15 0x55c3710adfe0 <unknown>\n#16 0x55c3710ef748 <unknown>\n#17 0x55c3710ef8c8 <unknown>\n#18 0x55c37110970d <unknown>\n#19 0x7fd5c706b590 <unknown>\n","stack":"JavascriptError: javascript error: Cannot read properties of null (reading 'toLowerCase')\n  (Session info: chrome=102.0.5005.61)\n    at Object.throwDecodedError (/home/matej/eywa_rpm_matej_budisa/node_modules/selenium-webdriver/lib/error.js:522:15)\n    at parseHttpResponse (/home/matej/eywa_rpm_matej_budisa/node_modules/selenium-webdriver/lib/http.js:549:13)\n    at Executor.execute (/home/matej/eywa_rpm_matej_budisa/node_modules/selenium-webdriver/lib/http.js:475:28)\n    at processTicksAndRejections (internal/process/task_queues.js:97:5)\n    at async Driver.execute (/home/matej/eywa_rpm_matej_budisa/node_modules/selenium-webdriver/lib/webdriver.js:735:17)\n    at async linkedinWorker (/home/matej/eywa_rpm_matej_budisa/index.js:91:32)","timestamp":"2022-06-10T21:21:51.591Z"}
{"level":"error","message":"Me + view profile : Waiting for element to be located By(xpath, /html/body/div[7]/header/div/nav/ul/li[6]/div/button)\nWait timed out after 5118ms","name":"TimeoutError","remoteStacktrace":"","stack":"TimeoutError: Waiting for element to be located By(xpath, /html/body/div[7]/header/div/nav/ul/li[6]/div/button)\nWait timed out after 5118ms\n    at /home/matej/eywa_rpm_matej_budisa/node_modules/selenium-webdriver/lib/webdriver.js:901:17\n    at processTicksAndRejections (internal/process/task_queues.js:97:5)","timestamp":"2022-06-10T21:23:51.576Z"}
{"level":"error","message":"Forma : Waiting for element to be located By(xpath, /html/body/div[3]/div/div/div[2]/div/div[2]/div[1]/div[1]/div/div/div[1]/div/input)\nWait timed out after 12197ms","name":"TimeoutError","remoteStacktrace":"","stack":"TimeoutError: Waiting for element to be located By(xpath, /html/body/div[3]/div/div/div[2]/div/div[2]/div[1]/div[1]/div/div/div[1]/div/input)\nWait timed out after 12197ms\n    at /home/matej/eywa_rpm_matej_budisa/node_modules/selenium-webdriver/lib/webdriver.js:901:17\n    at processTicksAndRejections (internal/process/task_queues.js:97:5)","timestamp":"2022-06-10T21:24:03.778Z"}
{"level":"error","message":"Me + view profile : Waiting for element to be located By(xpath, /html/body/div[7]/header/div/nav/ul/li[6]/div/button)\nWait timed out after 5177ms","name":"TimeoutError","remoteStacktrace":"","stack":"TimeoutError: Waiting for element to be located By(xpath, /html/body/div[7]/header/div/nav/ul/li[6]/div/button)\nWait timed out after 5177ms\n    at /home/matej/eywa_rpm_matej_budisa/node_modules/selenium-webdriver/lib/webdriver.js:901:17\n    at processTicksAndRejections (internal/process/task_queues.js:97:5)","timestamp":"2022-06-10T21:34:27.584Z"}
{"level":"error","message":"Forma : Waiting for element to be located By(xpath, /html/body/div[3]/div/div/div[2]/div/div[2]/div[1]/div[1]/div/div/div[1]/div/input)\nWait timed out after 14023ms","name":"TimeoutError","remoteStacktrace":"","stack":"TimeoutError: Waiting for element to be located By(xpath, /html/body/div[3]/div/div/div[2]/div/div[2]/div[1]/div[1]/div/div/div[1]/div/input)\nWait timed out after 14023ms\n    at /home/matej/eywa_rpm_matej_budisa/node_modules/selenium-webdriver/lib/webdriver.js:901:17\n    at processTicksAndRejections (internal/process/task_queues.js:97:5)","timestamp":"2022-06-10T21:34:41.614Z"}
{"level":"error","message":"Me + view profile : Waiting for element to be located By(xpath, /html/body/div[7]/header/div/nav/ul/li[6]/div/button)\nWait timed out after 5265ms","name":"TimeoutError","remoteStacktrace":"","stack":"TimeoutError: Waiting for element to be located By(xpath, /html/body/div[7]/header/div/nav/ul/li[6]/div/button)\nWait timed out after 5265ms\n    at /home/matej/eywa_rpm_matej_budisa/node_modules/selenium-webdriver/lib/webdriver.js:901:17\n    at processTicksAndRejections (internal/process/task_queues.js:97:5)","timestamp":"2022-06-10T21:35:20.963Z"}
{"level":"error","message":"Forma : Waiting for element to be located By(xpath, /html/body/div[3]/div/div/div[2]/div/div[2]/div[1]/div[1]/div/div/div[1]/div/input)\nWait timed out after 18849ms","name":"TimeoutError","remoteStacktrace":"","stack":"TimeoutError: Waiting for element to be located By(xpath, /html/body/div[3]/div/div/div[2]/div/div[2]/div[1]/div[1]/div/div/div[1]/div/input)\nWait timed out after 18849ms\n    at /home/matej/eywa_rpm_matej_budisa/node_modules/selenium-webdriver/lib/webdriver.js:901:17\n    at processTicksAndRejections (internal/process/task_queues.js:97:5)","timestamp":"2022-06-10T21:35:39.846Z"}
{"level":"error","message":"Me + view profile : Waiting for element to be located By(xpath, /html/body/div[7]/header/div/nav/ul/li[6]/div/button)\nWait timed out after 5145ms","name":"TimeoutError","remoteStacktrace":"","stack":"TimeoutError: Waiting for element to be located By(xpath, /html/body/div[7]/header/div/nav/ul/li[6]/div/button)\nWait timed out after 5145ms\n    at /home/matej/eywa_rpm_matej_budisa/node_modules/selenium-webdriver/lib/webdriver.js:901:17\n    at processTicksAndRejections (internal/process/task_queues.js:97:5)","timestamp":"2022-06-10T21:37:42.216Z"}
{"level":"error","message":"Forma : Waiting for element to be located By(xpath, /html/body/div[3]/div/div/div[2]/div/div[2]/div[1]/div[1]/div/div/div[1]/div/input)\nWait timed out after 15075ms","name":"TimeoutError","remoteStacktrace":"","stack":"TimeoutError: Waiting for element to be located By(xpath, /html/body/div[3]/div/div/div[2]/div/div[2]/div[1]/div[1]/div/div/div[1]/div/input)\nWait timed out after 15075ms\n    at /home/matej/eywa_rpm_matej_budisa/node_modules/selenium-webdriver/lib/webdriver.js:901:17\n    at processTicksAndRejections (internal/process/task_queues.js:97:5)","timestamp":"2022-06-10T21:37:57.299Z"}
{"level":"error","message":"Me + view profile : Waiting for element to be located By(xpath, /html/body/div[7]/header/div/nav/ul/li[6]/div/button)\nWait timed out after 15182ms","name":"TimeoutError","remoteStacktrace":"","stack":"TimeoutError: Waiting for element to be located By(xpath, /html/body/div[7]/header/div/nav/ul/li[6]/div/button)\nWait timed out after 15182ms\n    at /home/matej/eywa_rpm_matej_budisa/node_modules/selenium-webdriver/lib/webdriver.js:901:17\n    at processTicksAndRejections (internal/process/task_queues.js:97:5)","timestamp":"2022-06-10T22:01:46.722Z"}
{"level":"error","message":"Forma : Waiting for element to be located By(xpath, /html/body/div[3]/div/div/div[2]/div/div[2]/div[1]/div[1]/div/div/div[1]/div/input)\nWait timed out after 5070ms","name":"TimeoutError","remoteStacktrace":"","stack":"TimeoutError: Waiting for element to be located By(xpath, /html/body/div[3]/div/div/div[2]/div/div[2]/div[1]/div[1]/div/div/div[1]/div/input)\nWait timed out after 5070ms\n    at /home/matej/eywa_rpm_matej_budisa/node_modules/selenium-webdriver/lib/webdriver.js:901:17\n    at processTicksAndRejections (internal/process/task_queues.js:97:5)","timestamp":"2022-06-10T22:01:51.808Z"}
{"level":"error","message":"Adding jobs : no such window: target window already closed\nfrom unknown error: web view not found\n  (Session info: chrome=102.0.5005.61)","name":"NoSuchWindowError","remoteStacktrace":"#0 0x556f368d6533 <unknown>\n#1 0x556f366351e8 <unknown>\n#2 0x556f36615078 <unknown>\n#3 0x556f3668c4eb <unknown>\n#4 0x556f3669b855 <unknown>\n#5 0x556f36688e33 <unknown>\n#6 0x556f3665e71a <unknown>\n#7 0x556f3665f875 <unknown>\n#8 0x556f3691ae1d <unknown>\n#9 0x556f3691e751 <unknown>\n#10 0x556f3690507e <unknown>\n#11 0x556f3691f388 <unknown>\n#12 0x556f368f9fe0 <unknown>\n#13 0x556f3693b748 <unknown>\n#14 0x556f3693b8c8 <unknown>\n#15 0x556f3695570d <unknown>\n#16 0x7fceeb7a9590 <unknown>\n","stack":"NoSuchWindowError: no such window: target window already closed\nfrom unknown error: web view not found\n  (Session info: chrome=102.0.5005.61)\n    at Object.throwDecodedError (/home/matej/eywa_rpm_matej_budisa/node_modules/selenium-webdriver/lib/error.js:522:15)\n    at parseHttpResponse (/home/matej/eywa_rpm_matej_budisa/node_modules/selenium-webdriver/lib/http.js:549:13)\n    at Executor.execute (/home/matej/eywa_rpm_matej_budisa/node_modules/selenium-webdriver/lib/http.js:475:28)\n    at processTicksAndRejections (internal/process/task_queues.js:97:5)\n    at async Driver.execute (/home/matej/eywa_rpm_matej_budisa/node_modules/selenium-webdriver/lib/webdriver.js:735:17)\n    at async Driver.findElements (/home/matej/eywa_rpm_matej_budisa/node_modules/selenium-webdriver/lib/webdriver.js:1061:17)","timestamp":"2022-06-10T22:01:52.701Z"}
{"level":"error","message":"Messaging no such window: target window already closed\nfrom unknown error: web view not found\n  (Session info: chrome=102.0.5005.61)","name":"NoSuchWindowError","remoteStacktrace":"#0 0x556f368d6533 <unknown>\n#1 0x556f366351e8 <unknown>\n#2 0x556f36615078 <unknown>\n#3 0x556f3668c4eb <unknown>\n#4 0x556f3669b855 <unknown>\n#5 0x556f36688e33 <unknown>\n#6 0x556f3665e71a <unknown>\n#7 0x556f3665f875 <unknown>\n#8 0x556f3691ae1d <unknown>\n#9 0x556f3691e751 <unknown>\n#10 0x556f3690507e <unknown>\n#11 0x556f3691f388 <unknown>\n#12 0x556f368f9fe0 <unknown>\n#13 0x556f3693b748 <unknown>\n#14 0x556f3693b8c8 <unknown>\n#15 0x556f3695570d <unknown>\n#16 0x7fceeb7a9590 <unknown>\n","stack":"NoSuchWindowError: no such window: target window already closed\nfrom unknown error: web view not found\n  (Session info: chrome=102.0.5005.61)\n    at Object.throwDecodedError (/home/matej/eywa_rpm_matej_budisa/node_modules/selenium-webdriver/lib/error.js:522:15)\n    at parseHttpResponse (/home/matej/eywa_rpm_matej_budisa/node_modules/selenium-webdriver/lib/http.js:549:13)\n    at Executor.execute (/home/matej/eywa_rpm_matej_budisa/node_modules/selenium-webdriver/lib/http.js:475:28)\n    at processTicksAndRejections (internal/process/task_queues.js:97:5)\n    at async Driver.execute (/home/matej/eywa_rpm_matej_budisa/node_modules/selenium-webdriver/lib/webdriver.js:735:17)\n    at async Driver.findElements (/home/matej/eywa_rpm_matej_budisa/node_modules/selenium-webdriver/lib/webdriver.js:1061:17)","timestamp":"2022-06-10T22:01:53.705Z"}
{"level":"error","message":"Me + view profile : Waiting for element to be located By(xpath, /html/body/div[7]/header/div/nav/ul/li[6]/div/button)\nWait timed out after 15011ms","name":"TimeoutError","remoteStacktrace":"","stack":"TimeoutError: Waiting for element to be located By(xpath, /html/body/div[7]/header/div/nav/ul/li[6]/div/button)\nWait timed out after 15011ms\n    at /home/matej/eywa_rpm_matej_budisa/node_modules/selenium-webdriver/lib/webdriver.js:901:17\n    at processTicksAndRejections (internal/process/task_queues.js:97:5)","timestamp":"2022-06-10T22:12:47.133Z"}
{"level":"error","message":"Adding jobs : Unexpected token S in JSON at position 0","stack":"SyntaxError: Unexpected token S in JSON at position 0\n    at JSON.parse (<anonymous>)\n    at linkedinWorker (/home/matej/eywa_rpm_matej_budisa/index.js:94:44)\n    at processTicksAndRejections (internal/process/task_queues.js:97:5)","timestamp":"2022-06-10T22:13:24.582Z"}
